<?xml version="1.0" encoding="UTF-8"?>
<!-- Generated by org.testng.reporters.JUnitXMLReporter -->
<testsuite ignored="0" hostname="DESKTOP-1GNI9SA" failures="3" tests="5" name="BankinApp Tests chrome" time="98.796" errors="0" timestamp="2020-04-18T03:09:06 IST">
  <testcase classname="com.XYZBanking.testcases.TC002_DDT_Login" name="loginDDT" time="11.093">
    <failure type="java.lang.AssertionError" message="did not expect to find [true] but found [false]">
      <![CDATA[java.lang.AssertionError: did not expect to find [true] but found [false]
at com.XYZBanking.testcases.TC002_DDT_Login.loginDDT(TC002_DDT_Login.java:29)
at java.base/java.util.ArrayList.forEach(ArrayList.java:1380)
... Removed 35 stack frames]]>
    </failure>
  </testcase> <!-- loginDDT -->
  <testcase classname="com.XYZBanking.testcases.TC002_DDT_Login" name="loginDDT" time="7.199">
    <failure type="java.lang.AssertionError" message="did not expect to find [true] but found [false]">
      <![CDATA[java.lang.AssertionError: did not expect to find [true] but found [false]
at com.XYZBanking.testcases.TC002_DDT_Login.loginDDT(TC002_DDT_Login.java:29)
at java.base/java.util.ArrayList.forEach(ArrayList.java:1380)
... Removed 35 stack frames]]>
    </failure>
  </testcase> <!-- loginDDT -->
  <testcase classname="com.XYZBanking.testcases.TC002_DDT_Login" name="loginDDT" time="12.259"/>
  <testcase classname="com.XYZBanking.testcases.TC002_DDT_Login" name="loginDDT" time="4.152">
    <failure type="java.lang.AssertionError" message="did not expect to find [true] but found [false]">
      <![CDATA[java.lang.AssertionError: did not expect to find [true] but found [false]
at com.XYZBanking.testcases.TC002_DDT_Login.loginDDT(TC002_DDT_Login.java:29)
at java.base/java.util.ArrayList.forEach(ArrayList.java:1380)
... Removed 35 stack frames]]>
    </failure>
  </testcase> <!-- loginDDT -->
  <testcase classname="com.XYZBanking.testcases.TC003_AddCutomer" name="addNewCutomer" time="17.995"/>
</testsuite> <!-- BankinApp Tests chrome -->
